#
# A fatal error has been detected by the Java Runtime Environment:
#
#  EXCEPTION_ACCESS_VIOLATION (0xc0000005) at pc=0x000000006538f388, pid=1132, tid=0x0000000000001c54
#
# JRE version: OpenJDK Runtime Environment (8.0_152-b01) (build 1.8.0_152-release-1343-b01)
# Java VM: OpenJDK 64-Bit Server VM (25.152-b01 mixed mode windows-amd64 compressed oops)
# Problematic frame:
# V  [jvm.dll+0xef388]
#
# Failed to write core dump. Minidumps are not enabled by default on client versions of Windows
#
# If you would like to submit a bug report, please visit:
#   http://bugreport.java.com/bugreport/crash.jsp
#

---------------  T H R E A D  ---------------

Current thread (0x0000000002492800):  GCTaskThread [stack: 0x0000000012500000,0x0000000012600000] [id=7252]

siginfo: ExceptionCode=0xc0000005, reading address 0xffffffffffffffff

Registers:
RAX=0x0000000012600000, RBX=0x0000000000040000, RCX=0x0000000000000000, RDX=0x0000000000000000
RSP=0x00000000125ff230, RBP=0x00000000e14d964c, RSI=0x0000000055147300, RDI=0x0000000055147300
R8 =0x007fffffffa00200, R9 =0x0000000014801df8, R10=0x000000000000000c, R11=0x0000000065869d98
R12=0x00000000e14d967c, R13=0x0000000014802068, R14=0x0000000014802070, R15=0x00000000e14d9638
RIP=0x000000006538f388, EFLAGS=0x0000000000010246

Top of Stack: (sp=0x00000000125ff230)
0x00000000125ff230:   0000000014801df8 000000000000000d
0x00000000125ff240:   00000000e442c3b8 000000006538efa9
0x00000000125ff250:   0000000000000000 00000000000003d8
0x00000000125ff260:   0000000002492f28 000000000248cb50
0x00000000125ff270:   00000000e14d9638 0000000065394f45
0x00000000125ff280:   0000000000000000 0000000055147300
0x00000000125ff290:   0000000055147300 0000000002492b50
0x00000000125ff2a0:   00000000550755d0 0000000065663de0
0x00000000125ff2b0:   00000000558d5590 00000000550755d0
0x00000000125ff2c0:   0000000055147300 000000000000eaaa
0x00000000125ff2d0:   0000000000000000 0000000000000c00
0x00000000125ff2e0:   0000000000000000 0000000000000000
0x00000000125ff2f0:   0000000000000000 000000005fc9f000
0x00000000125ff300:   0000000000000001 000c7c3a00002001
0x00000000125ff310:   000045ae39622ceb 0000000002492f28
0x00000000125ff320:   0000000002492b50 00000000000003d8 

Instructions: (pc=0x000000006538f388)
0x000000006538f368:   05 33 67 6d 00 49 c1 e8 03 49 d3 e8 41 0f b6 c0
0x000000006538f378:   49 c1 e8 06 24 3f 0f b6 d0 48 8b 05 48 67 6d 00
0x000000006538f388:   4a 8b 0c c0 48 0f a3 d1 0f 82 59 01 00 00 0f b6
0x000000006538f398:   15 64 c6 6c 00 84 d2 74 16 44 8b 43 08 8b 0d ad 


Register to memory mapping:

RAX=0x0000000012600000 is an unknown value
RBX=0x0000000000040000 is an unknown value
RCX=0x0000000000000000 is an unknown value
RDX=0x0000000000000000 is an unknown value
RSP=0x00000000125ff230 is an unknown value
RBP=0x00000000e14d964c is pointing into object: 0x00000000e14d9638
java.lang.Class 
 - klass: 'java/lang/Class'
RSI=0x0000000055147300 is an unknown value
RDI=0x0000000055147300 is an unknown value
R8 =0x007fffffffa00200 is an unknown value
R9 =0x0000000014801df8 is pointing into metadata
R10=0x000000000000000c is an unknown value
R11=0x0000000065869d98 is an unknown value
R12=0x00000000e14d967c is pointing into object: 0x00000000e14d9638
java.lang.Class 
 - klass: 'java/lang/Class'
R13=0x0000000014802068 is pointing into metadata
R14=0x0000000014802070 is pointing into metadata
R15=0x00000000e14d9638 is an oop
java.lang.Class 
 - klass: 'java/lang/Class'


Stack: [0x0000000012500000,0x0000000012600000],  sp=0x00000000125ff230,  free space=1020k
Native frames: (J=compiled Java code, j=interpreted, Vv=VM code, C=native code)
V  [jvm.dll+0xef388]
V  [jvm.dll+0xf4f45]
V  [jvm.dll+0x3c3de0]
V  [jvm.dll+0x3c0e43]
V  [jvm.dll+0x3bec9e]
V  [jvm.dll+0x26d9aa]
C  [msvcr100.dll+0x21d9f]
C  [msvcr100.dll+0x21e3b]
C  [kernel32.dll+0x1556d]
C  [ntdll.dll+0x5385d]


---------------  P R O C E S S  ---------------

Java Threads: ( => current thread )
  0x000000005fca0000 JavaThread "Cache worker for Java compile cache (D:\MegaMart2\MegaMart\.gradle\5.1.1\javaCompile)" [_thread_blocked, id=10472, stack(0x00000000614b0000,0x00000000615b0000)]
  0x000000005fc9f000 JavaThread "Cache worker for execution history cache (D:\MegaMart2\MegaMart\.gradle\5.1.1\executionHistory)" [_thread_blocked, id=10508, stack(0x0000000063d70000,0x0000000063e70000)]
  0x000000005fca1800 JavaThread "Execution worker for ':' Thread 3" [_thread_blocked, id=10184, stack(0x000000006ddf0000,0x000000006def0000)]
  0x000000005fca0800 JavaThread "Execution worker for ':' Thread 2" [_thread_blocked, id=2144, stack(0x0000000070960000,0x0000000070a60000)]
  0x000000005fc9e800 JavaThread "Execution worker for ':'" [_thread_blocked, id=8600, stack(0x000000006faa0000,0x000000006fba0000)]
  0x00000000576ca000 JavaThread "Cache worker for file content cache (D:\MegaMart2\MegaMart\.gradle\5.1.1\fileContent)" [_thread_blocked, id=8328, stack(0x000000006ff90000,0x0000000070090000)]
  0x00000000576cd800 JavaThread "Cache worker for Build Output Cleanup Cache (D:\MegaMart2\MegaMart\.gradle\buildOutputCleanup)" [_thread_blocked, id=8620, stack(0x0000000065140000,0x0000000065240000)]
  0x00000000576cb800 JavaThread "Build operations Thread 4" [_thread_blocked, id=10272, stack(0x000000006d3e0000,0x000000006d4e0000)]
  0x00000000576cf000 JavaThread "Build operations Thread 3" [_thread_blocked, id=10756, stack(0x000000006cec0000,0x000000006cfc0000)]
  0x00000000576ca800 JavaThread "Build operations Thread 2" [_thread_blocked, id=9268, stack(0x0000000067c60000,0x0000000067d60000)]
  0x000000005b7da000 JavaThread "Build operations" [_thread_blocked, id=9748, stack(0x0000000064d00000,0x0000000064e00000)]
  0x000000005b7d3800 JavaThread "Cache worker for cache directory md-rule (C:\Users\Administrator\.gradle\caches\5.1.1\md-rule)" [_thread_blocked, id=7564, stack(0x0000000062c00000,0x0000000062d00000)]
  0x000000005b7d7000 JavaThread "Cache worker for cache directory md-supplier (C:\Users\Administrator\.gradle\caches\5.1.1\md-supplier)" [_thread_blocked, id=8868, stack(0x00000000642a0000,0x00000000643a0000)]
  0x000000005b7d6800 JavaThread "Cache worker for file hash cache (D:\MegaMart2\MegaMart\.gradle\5.1.1\fileHashes)" [_thread_blocked, id=10128, stack(0x0000000063420000,0x0000000063520000)]
  0x000000005b7d4000 JavaThread "Thread-734" [_thread_blocked, id=9452, stack(0x000000005f3a0000,0x000000005f4a0000)]
  0x000000006ad8e800 JavaThread "Stdin handler" [_thread_blocked, id=11080, stack(0x000000005ad80000,0x000000005ae80000)]
  0x000000006ad8f800 JavaThread "Asynchronous log dispatcher for DefaultDaemonConnection: socket connection from /127.0.0.1:52017 to /127.0.0.1:53744" [_thread_blocked, id=10408, stack(0x00000000579f0000,0x0000000057af0000)]
  0x000000006ad92800 JavaThread "Daemon worker Thread 33" [_thread_blocked, id=10320, stack(0x0000000057b50000,0x0000000057c50000)]
  0x000000006ad92000 JavaThread "Cancel handler" [_thread_blocked, id=9508, stack(0x000000005abf0000,0x000000005acf0000)]
  0x000000006ad90000 JavaThread "Handler for socket connection from /127.0.0.1:52017 to /127.0.0.1:53744" [_thread_in_native, id=10484, stack(0x0000000057eb0000,0x0000000057fb0000)]
  0x000000006ad91000 JavaThread "Daemon Thread 33" [_thread_blocked, id=10688, stack(0x000000005a4b0000,0x000000005a5b0000)]
  0x000000005893f800 JavaThread "MarlinRenderer Disposer" daemon [_thread_blocked, id=2240, stack(0x00000000701f0000,0x00000000702f0000)]
  0x000000006a442800 JavaThread "Java2D Disposer" daemon [_thread_blocked, id=5016, stack(0x000000006fba0000,0x000000006fca0000)]
  0x0000000059d9e800 JavaThread "Cache worker for Java compile cache (C:\Users\Administrator\.gradle\caches\5.1.1\javaCompile)" [_thread_blocked, id=2512, stack(0x0000000063c60000,0x0000000063d60000)]
  0x0000000058948800 JavaThread "Cache worker for file content cache (C:\Users\Administrator\.gradle\caches\5.1.1\fileContent)" [_thread_blocked, id=348, stack(0x0000000062ac0000,0x0000000062bc0000)]
  0x0000000058948000 JavaThread "Memory manager" [_thread_blocked, id=6856, stack(0x0000000060890000,0x0000000060990000)]
  0x0000000058942000 JavaThread "Cache worker for execution history cache (C:\Users\Administrator\.gradle\caches\5.1.1\executionHistory)" [_thread_blocked, id=6836, stack(0x000000005f570000,0x000000005f670000)]
  0x000000005893b000 JavaThread "Cache worker for journal cache (C:\Users\Administrator\.gradle\caches\journal-1)" [_thread_blocked, id=2872, stack(0x000000005b090000,0x000000005b190000)]
  0x000000005893a000 JavaThread "File lock request listener" [_thread_in_native, id=6268, stack(0x000000005aa30000,0x000000005ab30000)]
  0x0000000059298000 JavaThread "Cache worker for file hash cache (C:\Users\Administrator\.gradle\caches\5.1.1\fileHashes)" [_thread_blocked, id=1232, stack(0x000000005af10000,0x000000005b010000)]
  0x00000000580b2000 JavaThread "Daemon periodic checks" [_thread_blocked, id=7636, stack(0x000000005a350000,0x000000005a450000)]
  0x000000005844c000 JavaThread "Incoming local TCP Connector on port 52017" [_thread_in_native, id=3720, stack(0x000000005a250000,0x000000005a350000)]
  0x0000000056687800 JavaThread "Service Thread" daemon [_thread_blocked, id=7368, stack(0x0000000056f00000,0x0000000057000000)]
  0x0000000056604800 JavaThread "C1 CompilerThread2" daemon [_thread_blocked, id=3916, stack(0x0000000056d70000,0x0000000056e70000)]
  0x0000000056603800 JavaThread "C2 CompilerThread1" daemon [_thread_blocked, id=2572, stack(0x0000000056c70000,0x0000000056d70000)]
  0x00000000565e9800 JavaThread "C2 CompilerThread0" daemon [_thread_blocked, id=336, stack(0x0000000056390000,0x0000000056490000)]
  0x00000000551fd000 JavaThread "Attach Listener" daemon [_thread_blocked, id=8160, stack(0x0000000056b70000,0x0000000056c70000)]
  0x00000000551ef800 JavaThread "Signal Dispatcher" daemon [_thread_blocked, id=8168, stack(0x0000000056a60000,0x0000000056b60000)]
  0x00000000551d9000 JavaThread "Finalizer" daemon [_thread_blocked, id=7620, stack(0x00000000564e0000,0x00000000565e0000)]
  0x0000000055192000 JavaThread "Reference Handler" daemon [_thread_blocked, id=5544, stack(0x0000000056280000,0x0000000056380000)]
  0x0000000002478000 JavaThread "main" [_thread_blocked, id=3664, stack(0x0000000002710000,0x0000000002810000)]

Other Threads:
  0x000000005518a800 VMThread [stack: 0x0000000056050000,0x0000000056150000] [id=5396]
  0x000000005668d000 WatcherThread [stack: 0x00000000570b0000,0x00000000571b0000] [id=776]

=>0x0000000002492800 (exited) GCTaskThread [stack: 0x0000000012500000,0x0000000012600000] [id=7252]

VM state:at safepoint (normal execution)

VM Mutex/Monitor currently owned by a thread:  ([mutex/lock_event])
[0x000000000243d8e0] Threads_lock - owner thread: 0x000000005518a800
[0x000000000243dde0] Heap_lock - owner thread: 0x000000005fca0800

Heap:
 PSYoungGen      total 232960K, used 95095K [0x00000000eab00000, 0x0000000100000000, 0x0000000100000000)
  eden space 116736K, 0% used [0x00000000eab00000,0x00000000eab00000,0x00000000f1d00000)
  from space 116224K, 81% used [0x00000000f1d00000,0x00000000f79ddc58,0x00000000f8e80000)
  to   space 116224K, 0% used [0x00000000f8e80000,0x00000000f8e80000,0x0000000100000000)
 ParOldGen       total 699392K, used 656748K [0x00000000c0000000, 0x00000000eab00000, 0x00000000eab00000)
  object space 699392K, 93% used [0x00000000c0000000,0x00000000e815b3c8,0x00000000eab00000)
 Metaspace       used 241952K, capacity 258028K, committed 260888K, reserved 1275904K
  class space    used 30200K, capacity 33024K, committed 33816K, reserved 1048576K

Card table byte_map: [0x0000000011bd0000,0x0000000011de0000] byte_map_base: 0x00000000115d0000

Marking Bits: (ParMarkBitMap*) 0x0000000065a65aa0
 Begin Bits: [0x0000000012600000, 0x0000000013600000)
 End Bits:   [0x0000000013600000, 0x0000000014600000)

Polling page: 0x0000000000230000

CodeCache: size=245760Kb used=154167Kb max_used=167702Kb free=91592Kb
 bounds [0x0000000002810000, 0x000000000ccd0000, 0x0000000011810000]
 total_blobs=43493 nmethods=42458 adapters=944
 compilation: enabled

Compilation events (10 events):
Event: 28862.650 Thread 0x00000000565e9800 nmethod 96007 0x000000000802cb90 code [0x000000000802ce00, 0x000000000802dfb8]
Event: 28862.650 Thread 0x00000000565e9800 96022       4       com.squareup.javapoet.CodeWriter::resolve (161 bytes)
Event: 28862.663 Thread 0x00000000565e9800 nmethod 96022 0x000000000802b350 code [0x000000000802b540, 0x000000000802c068]
Event: 28862.663 Thread 0x00000000565e9800 95944       4       com.squareup.javapoet.CodeBlock$Builder::isNoArgPlaceholder (48 bytes)
Event: 28862.664 Thread 0x00000000565e9800 nmethod 95944 0x000000000ca54790 code [0x000000000ca548e0, 0x000000000ca54998]
Event: 28862.664 Thread 0x00000000565e9800 95977       4       com.squareup.javapoet.CodeBlock$Builder::addArgument (146 bytes)
Event: 28862.675 Thread 0x00000000565e9800 nmethod 95977 0x0000000007b76390 code [0x0000000007b76560, 0x0000000007b77328]
Event: 28863.397 Thread 0x0000000056603800 nmethod 95951 0x000000000b096690 code [0x000000000b097320, 0x000000000b09e9e8]
Event: 28863.577 Thread 0x0000000056604800 96024       3       com.sun.tools.javac.code.DeferredLintHandler::report (70 bytes)
Event: 28863.577 Thread 0x0000000056604800 nmethod 96024 0x00000000069dd0d0 code [0x00000000069dd2c0, 0x00000000069ddb58]

GC Heap History (10 events):
Event: 28862.033 GC heap after
Heap after GC invocations=724 (full 37):
 PSYoungGen      total 223744K, used 69703K [0x00000000eab00000, 0x00000000ffa00000, 0x0000000100000000)
  eden space 128000K, 0% used [0x00000000eab00000,0x00000000eab00000,0x00000000f2800000)
  from space 95744K, 72% used [0x00000000f2800000,0x00000000f6c11ec8,0x00000000f8580000)
  to   space 103424K, 0% used [0x00000000f9500000,0x00000000f9500000,0x00000000ffa00000)
 ParOldGen       total 699392K, used 530663K [0x00000000c0000000, 0x00000000eab00000, 0x00000000eab00000)
  object space 699392K, 75% used [0x00000000c0000000,0x00000000e0639d80,0x00000000eab00000)
 Metaspace       used 241283K, capacity 257306K, committed 260888K, reserved 1275904K
  class space    used 30136K, capacity 32957K, committed 33816K, reserved 1048576K
}
Event: 28862.310 GC heap before
{Heap before GC invocations=725 (full 37):
 PSYoungGen      total 223744K, used 197703K [0x00000000eab00000, 0x00000000ffa00000, 0x0000000100000000)
  eden space 128000K, 100% used [0x00000000eab00000,0x00000000f2800000,0x00000000f2800000)
  from space 95744K, 72% used [0x00000000f2800000,0x00000000f6c11ec8,0x00000000f8580000)
  to   space 103424K, 0% used [0x00000000f9500000,0x00000000f9500000,0x00000000ffa00000)
 ParOldGen       total 699392K, used 530663K [0x00000000c0000000, 0x00000000eab00000, 0x00000000eab00000)
  object space 699392K, 75% used [0x00000000c0000000,0x00000000e0639d80,0x00000000eab00000)
 Metaspace       used 241748K, capacity 257804K, committed 260888K, reserved 1275904K
  class space    used 30191K, capacity 32992K, committed 33816K, reserved 1048576K
Event: 28862.396 GC heap after
Heap after GC invocations=725 (full 37):
 PSYoungGen      total 220160K, used 103414K [0x00000000eab00000, 0x0000000100000000, 0x0000000100000000)
  eden space 116736K, 0% used [0x00000000eab00000,0x00000000eab00000,0x00000000f1d00000)
  from space 103424K, 99% used [0x00000000f9500000,0x00000000ff9fd950,0x00000000ffa00000)
  to   space 116224K, 0% used [0x00000000f1d00000,0x00000000f1d00000,0x00000000f8e80000)
 ParOldGen       total 699392K, used 534208K [0x00000000c0000000, 0x00000000eab00000, 0x00000000eab00000)
  object space 699392K, 76% used [0x00000000c0000000,0x00000000e09b01a0,0x00000000eab00000)
 Metaspace       used 241748K, capacity 257804K, committed 260888K, reserved 1275904K
  class space    used 30191K, capacity 32992K, committed 33816K, reserved 1048576K
}
Event: 28862.788 GC heap before
{Heap before GC invocations=726 (full 37):
 PSYoungGen      total 220160K, used 220150K [0x00000000eab00000, 0x0000000100000000, 0x0000000100000000)
  eden space 116736K, 100% used [0x00000000eab00000,0x00000000f1d00000,0x00000000f1d00000)
  from space 103424K, 99% used [0x00000000f9500000,0x00000000ff9fd950,0x00000000ffa00000)
  to   space 116224K, 0% used [0x00000000f1d00000,0x00000000f1d00000,0x00000000f8e80000)
 ParOldGen       total 699392K, used 534208K [0x00000000c0000000, 0x00000000eab00000, 0x00000000eab00000)
  object space 699392K, 76% used [0x00000000c0000000,0x00000000e09b01a0,0x00000000eab00000)
 Metaspace       used 241952K, capacity 258028K, committed 260888K, reserved 1275904K
  class space    used 30200K, capacity 33024K, committed 33816K, reserved 1048576K
Event: 28862.871 GC heap after
Heap after GC invocations=726 (full 37):
 PSYoungGen      total 232960K, used 116223K [0x00000000eab00000, 0x0000000100000000, 0x0000000100000000)
  eden space 116736K, 0% used [0x00000000eab00000,0x00000000eab00000,0x00000000f1d00000)
  from space 116224K, 99% used [0x00000000f1d00000,0x00000000f8e7ff50,0x00000000f8e80000)
  to   space 116224K, 0% used [0x00000000f8e80000,0x00000000f8e80000,0x0000000100000000)
 ParOldGen       total 699392K, used 558076K [0x00000000c0000000, 0x00000000eab00000, 0x00000000eab00000)
  object space 699392K, 79% used [0x00000000c0000000,0x00000000e20ff3a0,0x00000000eab00000)
 Metaspace       used 241952K, capacity 258028K, committed 260888K, reserved 1275904K
  class space    used 30200K, capacity 33024K, committed 33816K, reserved 1048576K
}
Event: 28863.061 GC heap before
{Heap before GC invocations=727 (full 37):
 PSYoungGen      total 232960K, used 232959K [0x00000000eab00000, 0x0000000100000000, 0x0000000100000000)
  eden space 116736K, 100% used [0x00000000eab00000,0x00000000f1d00000,0x00000000f1d00000)
  from space 116224K, 99% used [0x00000000f1d00000,0x00000000f8e7ff50,0x00000000f8e80000)
  to   space 116224K, 0% used [0x00000000f8e80000,0x00000000f8e80000,0x0000000100000000)
 ParOldGen       total 699392K, used 558076K [0x00000000c0000000, 0x00000000eab00000, 0x00000000eab00000)
  object space 699392K, 79% used [0x00000000c0000000,0x00000000e20ff3a0,0x00000000eab00000)
 Metaspace       used 241952K, capacity 258028K, committed 260888K, reserved 1275904K
  class space    used 30200K, capacity 33024K, committed 33816K, reserved 1048576K
Event: 28863.254 GC heap after
Heap after GC invocations=727 (full 37):
 PSYoungGen      total 232960K, used 116219K [0x00000000eab00000, 0x0000000100000000, 0x0000000100000000)
  eden space 116736K, 0% used [0x00000000eab00000,0x00000000eab00000,0x00000000f1d00000)
  from space 116224K, 99% used [0x00000000f8e80000,0x00000000ffffedd0,0x0000000100000000)
  to   space 116224K, 0% used [0x00000000f1d00000,0x00000000f1d00000,0x00000000f8e80000)
 ParOldGen       total 699392K, used 597683K [0x00000000c0000000, 0x00000000eab00000, 0x00000000eab00000)
  object space 699392K, 85% used [0x00000000c0000000,0x00000000e47acf78,0x00000000eab00000)
 Metaspace       used 241952K, capacity 258028K, committed 260888K, reserved 1275904K
  class space    used 30200K, capacity 33024K, committed 33816K, reserved 1048576K
}
Event: 28863.605 GC heap before
{Heap before GC invocations=728 (full 37):
 PSYoungGen      total 232960K, used 232955K [0x00000000eab00000, 0x0000000100000000, 0x0000000100000000)
  eden space 116736K, 100% used [0x00000000eab00000,0x00000000f1d00000,0x00000000f1d00000)
  from space 116224K, 99% used [0x00000000f8e80000,0x00000000ffffedd0,0x0000000100000000)
  to   space 116224K, 0% used [0x00000000f1d00000,0x00000000f1d00000,0x00000000f8e80000)
 ParOldGen       total 699392K, used 597683K [0x00000000c0000000, 0x00000000eab00000, 0x00000000eab00000)
  object space 699392K, 85% used [0x00000000c0000000,0x00000000e47acf78,0x00000000eab00000)
 Metaspace       used 241952K, capacity 258028K, committed 260888K, reserved 1275904K
  class space    used 30200K, capacity 33024K, committed 33816K, reserved 1048576K
Event: 28863.684 GC heap after
Heap after GC invocations=728 (full 37):
 PSYoungGen      total 232960K, used 95095K [0x00000000eab00000, 0x0000000100000000, 0x0000000100000000)
  eden space 116736K, 0% used [0x00000000eab00000,0x00000000eab00000,0x00000000f1d00000)
  from space 116224K, 81% used [0x00000000f1d00000,0x00000000f79ddc58,0x00000000f8e80000)
  to   space 116224K, 0% used [0x00000000f8e80000,0x00000000f8e80000,0x0000000100000000)
 ParOldGen       total 699392K, used 656748K [0x00000000c0000000, 0x00000000eab00000, 0x00000000eab00000)
  object space 699392K, 93% used [0x00000000c0000000,0x00000000e815b3c8,0x00000000eab00000)
 Metaspace       used 241952K, capacity 258028K, committed 260888K, reserved 1275904K
  class space    used 30200K, capacity 33024K, committed 33816K, reserved 1048576K
}
Event: 28863.684 GC heap before
{Heap before GC invocations=729 (full 38):
 PSYoungGen      total 232960K, used 95095K [0x00000000eab00000, 0x0000000100000000, 0x0000000100000000)
  eden space 116736K, 0% used [0x00000000eab00000,0x00000000eab00000,0x00000000f1d00000)
  from space 116224K, 81% used [0x00000000f1d00000,0x00000000f79ddc58,0x00000000f8e80000)
  to   space 116224K, 0% used [0x00000000f8e80000,0x00000000f8e80000,0x0000000100000000)
 ParOldGen       total 699392K, used 656748K [0x00000000c0000000, 0x00000000eab00000, 0x00000000eab00000)
  object space 699392K, 93% used [0x00000000c0000000,0x00000000e815b3c8,0x00000000eab00000)
 Metaspace       used 241952K, capacity 258028K, committed 260888K, reserved 1275904K
  class space    used 30200K, capacity 33024K, committed 33816K, reserved 1048576K

Deoptimization events (10 events):
Event: 28308.556 Thread 0x000000006ad90000 Uncommon trap: reason=bimorphic action=maybe_recompile pc=0x00000000044cb98c method=org.gradle.internal.logging.text.AbstractStyledTextOutput.text(Ljava/lang/Object;)Lorg/gradle/internal/logging/text/StyledTextOutput; @ 11
Event: 28308.556 Thread 0x000000006ad90000 Uncommon trap: reason=unstable_if action=reinterpret pc=0x00000000079de144 method=sun.util.calendar.ZoneInfo.getTransitionIndex(JI)I @ 145
Event: 28308.557 Thread 0x000000006ad90000 Uncommon trap: reason=unstable_if action=reinterpret pc=0x000000000a8f1e58 method=java.text.SimpleDateFormat.zeroPaddingNumber(IIILjava/lang/StringBuffer;)V @ 52
Event: 28308.557 Thread 0x000000006ad90000 Uncommon trap: reason=unstable_if action=reinterpret pc=0x000000000c3a2c94 method=java.text.SimpleDateFormat.zeroPaddingNumber(IIILjava/lang/StringBuffer;)V @ 52
Event: 28308.557 Thread 0x000000006ad90000 Uncommon trap: reason=bimorphic action=maybe_recompile pc=0x00000000044cb98c method=org.gradle.internal.logging.text.AbstractStyledTextOutput.text(Ljava/lang/Object;)Lorg/gradle/internal/logging/text/StyledTextOutput; @ 11
Event: 28308.557 Thread 0x000000006ad90000 Uncommon trap: reason=unstable_if action=reinterpret pc=0x0000000007309028 method=sun.util.calendar.ZoneInfo.getTransitionIndex(JI)I @ 145
Event: 28308.557 Thread 0x000000006ad90000 Uncommon trap: reason=unstable_if action=reinterpret pc=0x0000000007300c08 method=sun.util.calendar.ZoneInfo.getTransitionIndex(JI)I @ 145
Event: 28349.151 Thread 0x000000006ad90000 Uncommon trap: reason=class_check action=maybe_recompile pc=0x000000000c39ab18 method=org.gradle.execution.plan.DefaultExecutionPlan.addEntryTasks(Ljava/util/Collection;)V @ 46
Event: 28859.695 Thread 0x000000006ad92800 Uncommon trap: reason=unstable_if action=reinterpret pc=0x0000000007ab1910 method=com.google.gson.stream.JsonReader.doPeek()I @ 315
Event: 28862.606 Thread 0x000000005fca0800 Uncommon trap: reason=unstable_if action=reinterpret pc=0x0000000009a19ce0 method=com.squareup.javapoet.CodeWriter.emitAndIndent(Ljava/lang/String;)Lcom/squareup/javapoet/CodeWriter; @ 106

Classes redefined (0 events):
No events

Internal exceptions (10 events):
Event: 28860.127 Thread 0x000000006ad92800 Exception <a 'sun/nio/fs/WindowsException'> (0x00000000ec55b3c8) thrown at [D:\src\AOSP-openjdk-cygwin\jdk8u\hotspot\src\share\vm\prims\jni.cpp, line 709]
Event: 28860.133 Thread 0x000000006ad92800 Exception <a 'java/lang/ClassNotFoundException': build_9uf2lztdcm9nqpc41ee1scwqq$_run_closure1$_closure4BeanInfo> (0x00000000ec6653c8) thrown at [D:\src\AOSP-openjdk-cygwin\jdk8u\hotspot\src\share\vm\classfile\systemDictionary.cpp, line 210]
Event: 28860.133 Thread 0x000000006ad92800 Exception <a 'java/lang/ClassNotFoundException': build_9uf2lztdcm9nqpc41ee1scwqq$_run_closure1$_closure4Customizer> (0x00000000ec677480) thrown at [D:\src\AOSP-openjdk-cygwin\jdk8u\hotspot\src\share\vm\classfile\systemDictionary.cpp, line 210]
Event: 28860.134 Thread 0x000000006ad92800 Exception <a 'java/lang/ClassNotFoundException': build_9uf2lztdcm9nqpc41ee1scwqq$_run_closure1BeanInfo> (0x00000000ec6a0d38) thrown at [D:\src\AOSP-openjdk-cygwin\jdk8u\hotspot\src\share\vm\classfile\systemDictionary.cpp, line 210]
Event: 28860.134 Thread 0x000000006ad92800 Exception <a 'java/lang/ClassNotFoundException': build_9uf2lztdcm9nqpc41ee1scwqq$_run_closure1Customizer> (0x00000000ec6b1b10) thrown at [D:\src\AOSP-openjdk-cygwin\jdk8u\hotspot\src\share\vm\classfile\systemDictionary.cpp, line 210]
Event: 28860.167 Thread 0x000000006ad92800 Exception <a 'java/lang/NoSuchMethodError': java.lang.Object.lambda$static$0(Ljava/util/Set;Ljava/util/Set;)Z> (0x00000000ecd24c60) thrown at [D:\src\AOSP-openjdk-cygwin\jdk8u\hotspot\src\share\vm\interpreter\linkResolver.cpp, line 584]
Event: 28860.168 Thread 0x000000006ad92800 Exception <a 'java/lang/NoSuchMethodError': java.lang.Object.lambda$static$1(Ljava/util/Set;Ljava/util/Set;)Z> (0x00000000ecd27730) thrown at [D:\src\AOSP-openjdk-cygwin\jdk8u\hotspot\src\share\vm\interpreter\linkResolver.cpp, line 584]
Event: 28860.168 Thread 0x000000006ad92800 Exception <a 'java/lang/NoSuchMethodError': java.lang.Object.lambda$static$2(Ljava/util/Set;Ljava/util/Set;)Z> (0x00000000ecd2a088) thrown at [D:\src\AOSP-openjdk-cygwin\jdk8u\hotspot\src\share\vm\interpreter\linkResolver.cpp, line 584]
Event: 28860.168 Thread 0x000000006ad92800 Exception <a 'java/lang/NoSuchMethodError': java.lang.Object.lambda$static$3(Ljava/util/Set;Ljava/util/Set;)Z> (0x00000000ecd2c9e0) thrown at [D:\src\AOSP-openjdk-cygwin\jdk8u\hotspot\src\share\vm\interpreter\linkResolver.cpp, line 584]
Event: 28860.965 Thread 0x000000005fca0800 Exception <a 'java/lang/NoSuchMethodError': <clinit>> (0x00000000ee456498) thrown at [D:\src\AOSP-openjdk-cygwin\jdk8u\hotspot\src\share\vm\prims\jni.cpp, line 1613]

Events (10 events):
Event: 28863.396 Executing VM operation: ForceSafepoint done
Event: 28863.397 Executing VM operation: ForceSafepoint
Event: 28863.397 Executing VM operation: ForceSafepoint done
Event: 28863.406 Executing VM operation: ForceSafepoint
Event: 28863.406 Executing VM operation: ForceSafepoint done
Event: 28863.427 Executing VM operation: ForceSafepoint
Event: 28863.427 Executing VM operation: ForceSafepoint done
Event: 28863.509 Executing VM operation: ForceSafepoint
Event: 28863.509 Executing VM operation: ForceSafepoint done
Event: 28863.605 Executing VM operation: ParallelGCFailedAllocation


Dynamic libraries:
0x000000013f830000 - 0x000000013f861000 	D:\androidstudio\jre\bin\java.exe
0x00000000772d0000 - 0x000000007746f000 	C:\Windows\SYSTEM32\ntdll.dll
0x00000000771b0000 - 0x00000000772cf000 	C:\Windows\system32\kernel32.dll
0x000007fefce40000 - 0x000007fefceaa000 	C:\Windows\system32\KERNELBASE.dll
0x000007feff470000 - 0x000007feff54b000 	C:\Windows\system32\ADVAPI32.dll
0x000007fefd760000 - 0x000007fefd7ff000 	C:\Windows\system32\msvcrt.dll
0x000007fefe0e0000 - 0x000007fefe0ff000 	C:\Windows\SYSTEM32\sechost.dll
0x000007fefee90000 - 0x000007fefefbc000 	C:\Windows\system32\RPCRT4.dll
0x00000000770b0000 - 0x00000000771aa000 	C:\Windows\system32\USER32.dll
0x000007feff550000 - 0x000007feff5b7000 	C:\Windows\system32\GDI32.dll
0x000007fefdea0000 - 0x000007fefdeae000 	C:\Windows\system32\LPK.dll
0x000007feff3a0000 - 0x000007feff46b000 	C:\Windows\system32\USP10.dll
0x000007fefb700000 - 0x000007fefb8f5000 	C:\Windows\WinSxS\amd64_microsoft.windows.common-controls_6595b64144ccf1df_6.0.7601.24440_none_e36f1bbf30ff0606\COMCTL32.dll
0x000007fefd4b0000 - 0x000007fefd521000 	C:\Windows\system32\SHLWAPI.dll
0x000007fefddd0000 - 0x000007fefddfe000 	C:\Windows\system32\IMM32.DLL
0x000007fefdcc0000 - 0x000007fefddc9000 	C:\Windows\system32\MSCTF.dll
0x0000000064e30000 - 0x0000000064f02000 	D:\androidstudio\jre\jre\bin\msvcr100.dll
0x00000000652a0000 - 0x0000000065ae1000 	D:\androidstudio\jre\jre\bin\server\jvm.dll
0x000007fefa920000 - 0x000007fefa929000 	C:\Windows\system32\WSOCK32.dll
0x000007fefd590000 - 0x000007fefd5dd000 	C:\Windows\system32\WS2_32.dll
0x000007fefdcb0000 - 0x000007fefdcb8000 	C:\Windows\system32\NSI.dll
0x000007fefbeb0000 - 0x000007fefbeeb000 	C:\Windows\system32\WINMM.dll
0x000007fefbe60000 - 0x000007fefbe6c000 	C:\Windows\system32\VERSION.dll
0x0000000077470000 - 0x0000000077477000 	C:\Windows\system32\PSAPI.DLL
0x000007fee95d0000 - 0x000007fee95df000 	D:\androidstudio\jre\jre\bin\verify.dll
0x000007fee95a0000 - 0x000007fee95c9000 	D:\androidstudio\jre\jre\bin\java.dll
0x000007fee9580000 - 0x000007fee9596000 	D:\androidstudio\jre\jre\bin\zip.dll
0x000007fefe100000 - 0x000007fefee8b000 	C:\Windows\system32\SHELL32.dll
0x000007feff1a0000 - 0x000007feff39f000 	C:\Windows\system32\ole32.dll
0x000007fefce30000 - 0x000007fefce3f000 	C:\Windows\system32\profapi.dll
0x000007fee9560000 - 0x000007fee957a000 	D:\androidstudio\jre\jre\bin\net.dll
0x000007fefbef0000 - 0x000007fefbfe6000 	C:\Windows\Netease\UU\uu_lsp64.dll
0x000007fefd050000 - 0x000007fefd1bd000 	C:\Windows\system32\CRYPT32.dll
0x000007fefce20000 - 0x000007fefce2f000 	C:\Windows\system32\MSASN1.dll
0x000007fefbe80000 - 0x000007fefbea7000 	C:\Windows\system32\IPHLPAPI.DLL
0x000007fefbe70000 - 0x000007fefbe7b000 	C:\Windows\system32\WINNSI.DLL
0x000007fefc570000 - 0x000007fefc5c5000 	C:\Windows\system32\mswsock.dll
0x000007fefe040000 - 0x000007fefe057000 	C:\Windows\system32\imagehlp.dll
0x000007fefc560000 - 0x000007fefc567000 	C:\Windows\System32\wship6.dll
0x000007fee9540000 - 0x000007fee9551000 	D:\androidstudio\jre\jre\bin\nio.dll
0x000007feebc20000 - 0x000007feebc3e000 	C:\Users\Administrator\.gradle\native\25\windows-amd64\native-platform.dll
0x000007fee9530000 - 0x000007fee953d000 	D:\androidstudio\jre\jre\bin\management.dll
0x000007fefc5d0000 - 0x000007fefc5e8000 	C:\Windows\system32\CRYPTSP.dll
0x000007fefc2d0000 - 0x000007fefc317000 	C:\Windows\system32\rsaenh.dll
0x000007fefd020000 - 0x000007fefd03e000 	C:\Windows\system32\USERENV.dll
0x000007fefcc80000 - 0x000007fefcc8f000 	C:\Windows\system32\CRYPTBASE.dll
0x000007fefa470000 - 0x000007fefa481000 	C:\Windows\system32\dhcpcsvc6.DLL
0x000007fefa350000 - 0x000007fefa368000 	C:\Windows\system32\dhcpcsvc.DLL
0x000007fedd690000 - 0x000007fedd6b4000 	D:\androidstudio\jre\jre\bin\sunec.dll
0x000007fefbe50000 - 0x000007fefbe57000 	C:\Windows\System32\wshtcpip.dll
0x000007fefc3f0000 - 0x000007fefc44b000 	C:\Windows\system32\DNSAPI.dll
0x000007fef31f0000 - 0x000007fef31f8000 	C:\Windows\system32\rasadhlp.dll
0x000007fefa4f0000 - 0x000007fefa543000 	C:\Windows\System32\fwpuclnt.dll
0x000007fee94a0000 - 0x000007fee94ab000 	D:\androidstudio\jre\jre\bin\sunmscapi.dll
0x000007fefcc20000 - 0x000007fefcc77000 	C:\Windows\system32\apphelp.dll
0x000007fedd700000 - 0x000007fedd898000 	D:\androidstudio\jre\jre\bin\awt.dll
0x000007fefd680000 - 0x000007fefd75b000 	C:\Windows\system32\OLEAUT32.dll
0x000007fedd000000 - 0x000007fedd3c4000 	C:\Windows\system32\d2d1.dll
0x000007fefaf00000 - 0x000007fefaf18000 	C:\Windows\system32\DWMAPI.DLL
0x000007feea380000 - 0x000007feea4a5000 	C:\Windows\system32\dbghelp.dll

VM Arguments:
jvm_args: -Xmx1536m -Dfile.encoding=GBK -Duser.country=CN -Duser.language=zh -Duser.variant -Xmx1024M 
java_command: org.gradle.launcher.daemon.bootstrap.GradleDaemon 5.1.1
java_class_path (initial): C:\Users\Administrator\.gradle\wrapper\dists\gradle-5.1.1-all\97z1ksx6lirer3kbvdnh7jtjg\gradle-5.1.1\lib\gradle-launcher-5.1.1.jar
Launcher Type: SUN_STANDARD

Environment Variables:
JAVA_HOME=C:\Program Files (x86)\Java\jdk1.8.0_144
_JAVA_OPTIONS=-Xmx1024M
CLASSPATH=.;C:\Program Files (x86)\Java\jdk1.8.0_144\lib;C:\Program Files (x86)\Java\jdk1.8.0_144\lib\tools.jar 
PATH=C:\Program Files\Git\bin;C:\Program Files\TortoiseSVN\bin;C:\Program Files\TortoiseGit\bin;C:\Program Files (x86)\Java\jdk1.8.0_144\bin;C:\Program Files (x86)\Java\jdk1.8.0_144\jre\bin;D:\Sdk\jdk-12.0.1_windows-x64_bin\platform-tools;C:\Users\Administrator\.gradle\wrapper\dists\gradle-4.10.1-all\455itskqi2qtf0v2sja68alqd\gradle-4.10.1\bin
USERNAME=Administrator
OS=Windows_NT
PROCESSOR_IDENTIFIER=Intel64 Family 6 Model 158 Stepping 9, GenuineIntel



---------------  S Y S T E M  ---------------

OS: Windows 7 , 64 bit Build 7601 (6.1.7601.24441)

CPU:total 4 (initial active 4) (4 cores per cpu, 1 threads per core) family 6 model 158 stepping 9, cmov, cx8, fxsr, mmx, sse, sse2, sse3, ssse3, sse4.1, sse4.2, popcnt, avx, avx2, aes, clmul, erms, 3dnowpref, lzcnt, tsc, tscinvbit, bmi1, bmi2, adx

Memory: 4k page, physical 16660992k(6453800k free), swap 33320084k(22801004k free)

vm_info: OpenJDK 64-Bit Server VM (25.152-b01) for windows-amd64 JRE (1.8.0_152-release-1343-b01), built by "builder" with MS VC++ 10.0 (VS2010)

time: Mon Jul 29 17:27:20 2019
elapsed time: 28863 seconds (0d 8h 1m 3s)

